<?xml version="1.0" encoding="UTF-8"?>
<!-- Generated by org.testng.reporters.JUnitReportReporter -->
<testsuite hostname="Airabaruta" failures="0" tests="1" name="util.BrowserFactory" time="4.844" errors="0" timestamp="2023-07-14T14:35:48 CDT" skipped="0">
  <testcase classname="util.BrowserFactory" name="init" time="4.844"/>
</testsuite> <!-- util.BrowserFactory -->
