<?xml version="1.0" encoding="UTF-8"?>
<!-- Generated by org.testng.reporters.JUnitReportReporter -->
<testsuite hostname="Airabaruta" failures="0" tests="1" name="test.LoginTest" time="3.712" errors="0" timestamp="2023-07-19T00:06:15 CDT" skipped="0">
  <testcase classname="test.LoginTest" name="validUserShouldBeAbleToLogin" time="3.712"/>
</testsuite> <!-- test.LoginTest -->
