<?xml version="1.0" encoding="UTF-8"?>
<!-- Generated by org.testng.reporters.JUnitReportReporter -->
<testsuite hostname="Airabaruta" failures="0" tests="1" name="test.AddCustomerTest" time="10.980" errors="0" timestamp="2023-07-20T01:32:27 CDT" skipped="0">
  <testcase classname="test.AddCustomerTest" name="userShouldBeAbleToAddCustomer" time="10.980"/>
</testsuite> <!-- test.AddCustomerTest -->
